<?xml version="1.0" encoding="UTF-8"?>
<testng-results ignored="0" total="1" passed="1" failed="0" skipped="0">
  <reporter-output>
  </reporter-output>
  <suite started-at="2022-01-06T11:55:19 IST" name="Default suite" finished-at="2022-01-06T11:55:33 IST" duration-ms="14022">
    <groups>
    </groups>
    <test started-at="2022-01-06T11:55:19 IST" name="Default test" finished-at="2022-01-06T11:55:33 IST" duration-ms="14022">
      <class name="Tests.LoginPageTest">
        <test-method is-config="true" signature="beforeSuite()[pri:0, instance:Tests.LoginPageTest@1349883]" started-at="2022-01-06T11:55:19 IST" name="beforeSuite" finished-at="2022-01-06T11:55:19 IST" duration-ms="123" status="PASS">
          <reporter-output>
          </reporter-output>
        </test-method> <!-- beforeSuite -->
        <test-method is-config="true" signature="loadConfig()[pri:0, instance:Tests.LoginPageTest@1349883]" started-at="2022-01-06T11:55:19 IST" name="loadConfig" finished-at="2022-01-06T11:55:19 IST" duration-ms="1" status="PASS">
          <reporter-output>
          </reporter-output>
        </test-method> <!-- loadConfig -->
        <test-method is-config="true" signature="setup()[pri:0, instance:Tests.LoginPageTest@1349883]" started-at="2022-01-06T11:55:19 IST" name="setup" finished-at="2022-01-06T11:55:24 IST" duration-ms="4741" status="PASS">
          <reporter-output>
          </reporter-output>
        </test-method> <!-- setup -->
        <test-method signature="LoginTest()[pri:0, instance:Tests.LoginPageTest@1349883]" started-at="2022-01-06T11:55:24 IST" name="LoginTest" finished-at="2022-01-06T11:55:33 IST" duration-ms="8882" status="PASS">
          <reporter-output>
          </reporter-output>
        </test-method> <!-- LoginTest -->
        <test-method is-config="true" signature="tearDown()[pri:0, instance:Tests.LoginPageTest@1349883]" started-at="2022-01-06T11:55:33 IST" name="tearDown" finished-at="2022-01-06T11:55:33 IST" duration-ms="372" status="PASS">
          <reporter-output>
          </reporter-output>
        </test-method> <!-- tearDown -->
      </class> <!-- Tests.LoginPageTest -->
    </test> <!-- Default test -->
  </suite> <!-- Default suite -->
</testng-results>
