<?xml version="1.0" encoding="UTF-8"?>
<testng-results ignored="0" total="1" passed="1" failed="0" skipped="0">
  <reporter-output>
  </reporter-output>
  <suite started-at="2022-01-17T09:04:11 IST" name="Default suite" finished-at="2022-01-17T09:04:52 IST" duration-ms="41092">
    <groups>
    </groups>
    <test started-at="2022-01-17T09:04:11 IST" name="Default test" finished-at="2022-01-17T09:04:52 IST" duration-ms="41092">
      <class name="Tests.BookingPageTest">
        <test-method is-config="true" signature="beforeSuite()[pri:0, instance:Tests.BookingPageTest@10683d9d]" started-at="2022-01-17T09:04:10 IST" name="beforeSuite" finished-at="2022-01-17T09:04:11 IST" duration-ms="151" status="PASS">
          <reporter-output>
          </reporter-output>
        </test-method> <!-- beforeSuite -->
        <test-method is-config="true" signature="loadConfig()[pri:0, instance:Tests.BookingPageTest@10683d9d]" started-at="2022-01-17T09:04:11 IST" name="loadConfig" finished-at="2022-01-17T09:04:11 IST" duration-ms="1" status="PASS">
          <reporter-output>
          </reporter-output>
        </test-method> <!-- loadConfig -->
        <test-method is-config="true" signature="setup()[pri:0, instance:Tests.BookingPageTest@10683d9d]" started-at="2022-01-17T09:04:11 IST" name="setup" finished-at="2022-01-17T09:04:20 IST" duration-ms="9186" status="PASS">
          <reporter-output>
          </reporter-output>
        </test-method> <!-- setup -->
        <test-method signature="bookingTest()[pri:0, instance:Tests.BookingPageTest@10683d9d]" started-at="2022-01-17T09:04:20 IST" name="bookingTest" finished-at="2022-01-17T09:04:51 IST" duration-ms="31594" status="PASS">
          <reporter-output>
          </reporter-output>
        </test-method> <!-- bookingTest -->
        <test-method is-config="true" signature="tearDown()[pri:0, instance:Tests.BookingPageTest@10683d9d]" started-at="2022-01-17T09:04:51 IST" name="tearDown" finished-at="2022-01-17T09:04:52 IST" duration-ms="263" status="PASS">
          <reporter-output>
          </reporter-output>
        </test-method> <!-- tearDown -->
      </class> <!-- Tests.BookingPageTest -->
    </test> <!-- Default test -->
  </suite> <!-- Default suite -->
</testng-results>
